<?xml version="1.0" encoding="UTF-8" ?>
<testsuites disabled="0" errors="0" failures="14" tests="34" time="407.965">
 <testsuite name="chrome.MSP Retro PA - Authorize Page" timestamp="2019-07-05T18:06:33" hostname="localhost" time="42.943" errors="0" tests="5" skipped="0" disabled="0" failures="3">
  <testcase classname="chrome.MSP Retro PA - Authorize Page" name="GENERIC TEST 01. should load the page without issue" time="5.638" />
  <testcase classname="chrome.MSP Retro PA - Authorize Page" name="GENERIC TEST 02. should let user to go back to the previous page by clicking the stepper" time="16.235">
   <failure type="toContain" message="Expected &apos;http://localhost:4300/msp/assistance/authorize-submit&apos; to contain &apos;msp/assistance/review&apos;, &apos;should navigate to the previous page&apos;."><![CDATA[Error: Failed expectation
    at UserContext.<anonymous> (/space/workspace/MyGovBC-MSP/e2e/msp-generic-tests.ts:20:41)
    at /space/workspace/MyGovBC-MSP/node_modules/jasminewd2/index.js:112:25
    at new ManagedPromise (/space/workspace/MyGovBC-MSP/node_modules/selenium-webdriver/lib/promise.js:1077:7)
    at ControlFlow.promise (/space/workspace/MyGovBC-MSP/node_modules/selenium-webdriver/lib/promise.js:2505:12)
    at schedulerExecute (/space/workspace/MyGovBC-MSP/node_modules/jasminewd2/index.js:95:18)
    at TaskQueue.execute_ (/space/workspace/MyGovBC-MSP/node_modules/selenium-webdriver/lib/promise.js:3084:14)
    at TaskQueue.executeNext_ (/space/workspace/MyGovBC-MSP/node_modules/selenium-webdriver/lib/promise.js:3067:27)
    at asyncRun (/space/workspace/MyGovBC-MSP/node_modules/selenium-webdriver/lib/promise.js:2974:25)
    at /space/workspace/MyGovBC-MSP/node_modules/selenium-webdriver/lib/promise.js:668:7]]>
   </failure>
  </testcase>
  <testcase classname="chrome.MSP Retro PA - Authorize Page" name="GENERIC TEST 04. should NOT let user to continue if they did not filled out required fields" time="5.939" />
  <testcase classname="chrome.MSP Retro PA - Authorize Page" name="01. should let user to continue when they select authorize by applicant" time="8.685">
   <failure type="toContain" message="Expected &apos;http://localhost:4300/msp/assistance/authorize-submit&apos; to contain &apos;msp/assistance/confirmation&apos;, &apos;should navigate to confirmation page&apos;."><![CDATA[Error: Failed expectation
    at UserContext.<anonymous> (/space/workspace/MyGovBC-MSP/e2e/retro-pa/src/mspretro-authorize.e2e-spec.ts:29:41)
    at /space/workspace/MyGovBC-MSP/node_modules/jasminewd2/index.js:112:25
    at new ManagedPromise (/space/workspace/MyGovBC-MSP/node_modules/selenium-webdriver/lib/promise.js:1077:7)
    at ControlFlow.promise (/space/workspace/MyGovBC-MSP/node_modules/selenium-webdriver/lib/promise.js:2505:12)
    at schedulerExecute (/space/workspace/MyGovBC-MSP/node_modules/jasminewd2/index.js:95:18)
    at TaskQueue.execute_ (/space/workspace/MyGovBC-MSP/node_modules/selenium-webdriver/lib/promise.js:3084:14)
    at TaskQueue.executeNext_ (/space/workspace/MyGovBC-MSP/node_modules/selenium-webdriver/lib/promise.js:3067:27)
    at asyncRun (/space/workspace/MyGovBC-MSP/node_modules/selenium-webdriver/lib/promise.js:2974:25)
    at /space/workspace/MyGovBC-MSP/node_modules/selenium-webdriver/lib/promise.js:668:7]]>
   </failure>
  </testcase>
  <testcase classname="chrome.MSP Retro PA - Authorize Page" name="02. should let user to continue when they select authorize by attorney" time="6.444">
   <failure type="toContain" message="Expected &apos;http://localhost:4300/msp/assistance/authorize-submit&apos; to contain &apos;msp/assistance/confirmation&apos;, &apos;should navigate to confirmation page&apos;."><![CDATA[Error: Failed expectation
    at UserContext.<anonymous> (/space/workspace/MyGovBC-MSP/e2e/retro-pa/src/mspretro-authorize.e2e-spec.ts:38:41)
    at /space/workspace/MyGovBC-MSP/node_modules/jasminewd2/index.js:112:25
    at new ManagedPromise (/space/workspace/MyGovBC-MSP/node_modules/selenium-webdriver/lib/promise.js:1077:7)
    at ControlFlow.promise (/space/workspace/MyGovBC-MSP/node_modules/selenium-webdriver/lib/promise.js:2505:12)
    at schedulerExecute (/space/workspace/MyGovBC-MSP/node_modules/jasminewd2/index.js:95:18)
    at TaskQueue.execute_ (/space/workspace/MyGovBC-MSP/node_modules/selenium-webdriver/lib/promise.js:3084:14)
    at TaskQueue.executeNext_ (/space/workspace/MyGovBC-MSP/node_modules/selenium-webdriver/lib/promise.js:3067:27)
    at asyncRun (/space/workspace/MyGovBC-MSP/node_modules/selenium-webdriver/lib/promise.js:2974:25)
    at /space/workspace/MyGovBC-MSP/node_modules/selenium-webdriver/lib/promise.js:668:7]]>
   </failure>
  </testcase>
 </testsuite>
 <testsuite name="chrome.MSP Retro PA - Contact Info Page" timestamp="2019-07-05T18:07:16" hostname="localhost" time="32.774" errors="0" tests="5" skipped="0" disabled="0" failures="1">
  <testcase classname="chrome.MSP Retro PA - Contact Info Page" name="GENERIC TEST 01. should load the page without issue" time="5.28" />
  <testcase classname="chrome.MSP Retro PA - Contact Info Page" name="GENERIC TEST 02. should let user to go back to the previous page by clicking the stepper" time="5.578" />
  <testcase classname="chrome.MSP Retro PA - Contact Info Page" name="GENERIC TEST 03. should NOT let user continue by clicking the stepper" time="5.954" />
  <testcase classname="chrome.MSP Retro PA - Contact Info Page" name="GENERIC TEST 04. should NOT let user to continue if they did not filled out required fields" time="5.922" />
  <testcase classname="chrome.MSP Retro PA - Contact Info Page" name="01. should be able to continue when all required fields are filled up" time="10.038">
   <failure type="toContain" message="Expected &apos;http://localhost:4300/msp/assistance/contact&apos; to contain &apos;msp/assistance/review&apos;, &apos;should navigate to the next page&apos;."><![CDATA[Error: Failed expectation
    at UserContext.<anonymous> (/space/workspace/MyGovBC-MSP/e2e/retro-pa/src/mspretro-contact.e2e-spec.ts:33:41)
    at /space/workspace/MyGovBC-MSP/node_modules/jasminewd2/index.js:112:25
    at new ManagedPromise (/space/workspace/MyGovBC-MSP/node_modules/selenium-webdriver/lib/promise.js:1077:7)
    at ControlFlow.promise (/space/workspace/MyGovBC-MSP/node_modules/selenium-webdriver/lib/promise.js:2505:12)
    at schedulerExecute (/space/workspace/MyGovBC-MSP/node_modules/jasminewd2/index.js:95:18)
    at TaskQueue.execute_ (/space/workspace/MyGovBC-MSP/node_modules/selenium-webdriver/lib/promise.js:3084:14)
    at TaskQueue.executeNext_ (/space/workspace/MyGovBC-MSP/node_modules/selenium-webdriver/lib/promise.js:3067:27)
    at asyncRun (/space/workspace/MyGovBC-MSP/node_modules/selenium-webdriver/lib/promise.js:2974:25)
    at /space/workspace/MyGovBC-MSP/node_modules/selenium-webdriver/lib/promise.js:668:7]]>
   </failure>
  </testcase>
 </testsuite>
 <testsuite name="chrome.MSP Retro PA - Home Page" timestamp="2019-07-05T18:07:49" hostname="localhost" time="67.968" errors="0" tests="6" skipped="0" disabled="0" failures="1">
  <testcase classname="chrome.MSP Retro PA - Home Page" name="GENERIC TEST 01. should load the page without issue" time="10.817" />
  <testcase classname="chrome.MSP Retro PA - Home Page" name="GENERIC TEST 03. should NOT let user continue by clicking the stepper" time="10.572">
   <failure type="toContain" message="Expected &apos;http://localhost:4300/msp/assistance/personal-info&apos; to contain &apos;msp/assistance/home&apos;, &apos;should still be on the same page&apos;."><![CDATA[Error: Failed expectation
    at UserContext.<anonymous> (/space/workspace/MyGovBC-MSP/e2e/msp-generic-tests.ts:28:41)
    at /space/workspace/MyGovBC-MSP/node_modules/jasminewd2/index.js:112:25
    at new ManagedPromise (/space/workspace/MyGovBC-MSP/node_modules/selenium-webdriver/lib/promise.js:1077:7)
    at ControlFlow.promise (/space/workspace/MyGovBC-MSP/node_modules/selenium-webdriver/lib/promise.js:2505:12)
    at schedulerExecute (/space/workspace/MyGovBC-MSP/node_modules/jasminewd2/index.js:95:18)
    at TaskQueue.execute_ (/space/workspace/MyGovBC-MSP/node_modules/selenium-webdriver/lib/promise.js:3084:14)
    at TaskQueue.executeNext_ (/space/workspace/MyGovBC-MSP/node_modules/selenium-webdriver/lib/promise.js:3067:27)
    at asyncRun (/space/workspace/MyGovBC-MSP/node_modules/selenium-webdriver/lib/promise.js:2974:25)
    at /space/workspace/MyGovBC-MSP/node_modules/selenium-webdriver/lib/promise.js:668:7]]>
   </failure>
  </testcase>
  <testcase classname="chrome.MSP Retro PA - Home Page" name="GENERIC TEST 04. should NOT let user to continue if they did not filled out required fields" time="10.369" />
  <testcase classname="chrome.MSP Retro PA - Home Page" name="01. should let user to continue once they selected a year" time="8.668" />
  <testcase classname="chrome.MSP Retro PA - Home Page" name="02. should let user to continue when more than one year is selected" time="9.626" />
  <testcase classname="chrome.MSP Retro PA - Home Page" name="03. should let user to check MSP Premium Rates by clicking the link" time="17.914" />
 </testsuite>
 <testsuite name="chrome.MSP Retro PA - Personal Info Page" timestamp="2019-07-05T18:08:57" hostname="localhost" time="118.526" errors="0" tests="7" skipped="0" disabled="0" failures="3">
  <testcase classname="chrome.MSP Retro PA - Personal Info Page" name="GENERIC TEST 01. should load the page without issue" time="11.621" />
  <testcase classname="chrome.MSP Retro PA - Personal Info Page" name="GENERIC TEST 02. should let user to go back to the previous page by clicking the stepper" time="12.252" />
  <testcase classname="chrome.MSP Retro PA - Personal Info Page" name="GENERIC TEST 03. should NOT let user continue by clicking the stepper" time="12.924">
   <failure type="toContain" message="Expected &apos;http://localhost:4300/msp/assistance/spouse&apos; to contain &apos;msp/assistance/personal-info&apos;, &apos;should still be on the same page&apos;."><![CDATA[Error: Failed expectation
    at UserContext.<anonymous> (/space/workspace/MyGovBC-MSP/e2e/msp-generic-tests.ts:28:41)
    at /space/workspace/MyGovBC-MSP/node_modules/jasminewd2/index.js:112:25
    at new ManagedPromise (/space/workspace/MyGovBC-MSP/node_modules/selenium-webdriver/lib/promise.js:1077:7)
    at ControlFlow.promise (/space/workspace/MyGovBC-MSP/node_modules/selenium-webdriver/lib/promise.js:2505:12)
    at schedulerExecute (/space/workspace/MyGovBC-MSP/node_modules/jasminewd2/index.js:95:18)
    at TaskQueue.execute_ (/space/workspace/MyGovBC-MSP/node_modules/selenium-webdriver/lib/promise.js:3084:14)
    at TaskQueue.executeNext_ (/space/workspace/MyGovBC-MSP/node_modules/selenium-webdriver/lib/promise.js:3067:27)
    at asyncRun (/space/workspace/MyGovBC-MSP/node_modules/selenium-webdriver/lib/promise.js:2974:25)
    at /space/workspace/MyGovBC-MSP/node_modules/selenium-webdriver/lib/promise.js:668:7]]>
   </failure>
  </testcase>
  <testcase classname="chrome.MSP Retro PA - Personal Info Page" name="GENERIC TEST 04. should NOT let user to continue if they did not filled out required fields" time="11.74" />
  <testcase classname="chrome.MSP Retro PA - Personal Info Page" name="01. should fill out the required fields and click continue" time="26.284">
   <failure type="toContain" message="Expected &apos;http://localhost:4300/msp/assistance/personal-info&apos; to contain &apos;msp/assistance/spouse&apos;, &apos;should navigate to the next page&apos;."><![CDATA[Error: Failed expectation
    at UserContext.<anonymous> (/space/workspace/MyGovBC-MSP/e2e/retro-pa/src/mspretro-personal-info.e2e-spec.ts:33:41)
    at /space/workspace/MyGovBC-MSP/node_modules/jasminewd2/index.js:112:25
    at new ManagedPromise (/space/workspace/MyGovBC-MSP/node_modules/selenium-webdriver/lib/promise.js:1077:7)
    at ControlFlow.promise (/space/workspace/MyGovBC-MSP/node_modules/selenium-webdriver/lib/promise.js:2505:12)
    at schedulerExecute (/space/workspace/MyGovBC-MSP/node_modules/jasminewd2/index.js:95:18)
    at TaskQueue.execute_ (/space/workspace/MyGovBC-MSP/node_modules/selenium-webdriver/lib/promise.js:3084:14)
    at TaskQueue.executeNext_ (/space/workspace/MyGovBC-MSP/node_modules/selenium-webdriver/lib/promise.js:3067:27)
    at asyncRun (/space/workspace/MyGovBC-MSP/node_modules/selenium-webdriver/lib/promise.js:2974:25)
    at /space/workspace/MyGovBC-MSP/node_modules/selenium-webdriver/lib/promise.js:668:7]]>
   </failure>
  </testcase>
  <testcase classname="chrome.MSP Retro PA - Personal Info Page" name="02. should be able to upload multiple files (if multiple years were selected) and click continue" time="17.743">
   <failure type="toContain" message="Expected &apos;http://localhost:4300/msp/assistance/personal-info&apos; to contain &apos;msp/assistance/spouse&apos;, &apos;should navigate to the next page&apos;."><![CDATA[Error: Failed expectation
    at UserContext.<anonymous> (/space/workspace/MyGovBC-MSP/e2e/retro-pa/src/mspretro-personal-info.e2e-spec.ts:41:41)
    at /space/workspace/MyGovBC-MSP/node_modules/jasminewd2/index.js:112:25
    at new ManagedPromise (/space/workspace/MyGovBC-MSP/node_modules/selenium-webdriver/lib/promise.js:1077:7)
    at ControlFlow.promise (/space/workspace/MyGovBC-MSP/node_modules/selenium-webdriver/lib/promise.js:2505:12)
    at schedulerExecute (/space/workspace/MyGovBC-MSP/node_modules/jasminewd2/index.js:95:18)
    at TaskQueue.execute_ (/space/workspace/MyGovBC-MSP/node_modules/selenium-webdriver/lib/promise.js:3084:14)
    at TaskQueue.executeNext_ (/space/workspace/MyGovBC-MSP/node_modules/selenium-webdriver/lib/promise.js:3067:27)
    at asyncRun (/space/workspace/MyGovBC-MSP/node_modules/selenium-webdriver/lib/promise.js:2974:25)
    at /space/workspace/MyGovBC-MSP/node_modules/selenium-webdriver/lib/promise.js:668:7]]>
   </failure>
  </testcase>
  <testcase classname="chrome.MSP Retro PA - Personal Info Page" name="03. should NOT let user continue if there is at least one incomplete field" time="25.956" />
 </testsuite>
 <testsuite name="chrome.MSP Retro PA - Review Page" timestamp="2019-07-05T18:10:55" hostname="localhost" time="24.185" errors="0" tests="5" skipped="1" disabled="0" failures="2">
  <testcase classname="chrome.MSP Retro PA - Review Page" name="GENERIC TEST 01. should load the page without issue" time="6.456" />
  <testcase classname="chrome.MSP Retro PA - Review Page" name="GENERIC TEST 02. should let user to go back to the previous page by clicking the stepper" time="5.384" />
  <testcase classname="chrome.MSP Retro PA - Review Page" name="GENERIC TEST 03. should NOT let user continue by clicking the stepper" time="5.67">
   <failure type="toContain" message="Expected &apos;http://localhost:4300/msp/benefit/authorize&apos; to contain &apos;msp/benefit/review&apos;, &apos;should still be on the same page&apos;."><![CDATA[Error: Failed expectation
    at UserContext.<anonymous> (/space/workspace/MyGovBC-MSP/e2e/msp-generic-tests.ts:28:41)
    at /space/workspace/MyGovBC-MSP/node_modules/jasminewd2/index.js:112:25
    at new ManagedPromise (/space/workspace/MyGovBC-MSP/node_modules/selenium-webdriver/lib/promise.js:1077:7)
    at ControlFlow.promise (/space/workspace/MyGovBC-MSP/node_modules/selenium-webdriver/lib/promise.js:2505:12)
    at schedulerExecute (/space/workspace/MyGovBC-MSP/node_modules/jasminewd2/index.js:95:18)
    at TaskQueue.execute_ (/space/workspace/MyGovBC-MSP/node_modules/selenium-webdriver/lib/promise.js:3084:14)
    at TaskQueue.executeNext_ (/space/workspace/MyGovBC-MSP/node_modules/selenium-webdriver/lib/promise.js:3067:27)
    at asyncRun (/space/workspace/MyGovBC-MSP/node_modules/selenium-webdriver/lib/promise.js:2974:25)
    at /space/workspace/MyGovBC-MSP/node_modules/selenium-webdriver/lib/promise.js:668:7]]>
   </failure>
  </testcase>
  <testcase classname="chrome.MSP Retro PA - Review Page" name="GENERIC TEST 05. should let user continue or skip without filling out any fields" time="6.673">
   <failure type="toContain" message="Expected &apos;http://localhost:4300/msp/benefit/authorize&apos; to contain &apos;msp/benefit/authorize-submit&apos;, &apos;should navigate to the next page&apos;."><![CDATA[Error: Failed expectation
    at UserContext.<anonymous> (/space/workspace/MyGovBC-MSP/e2e/msp-generic-tests.ts:49:41)
    at /space/workspace/MyGovBC-MSP/node_modules/jasminewd2/index.js:112:25
    at new ManagedPromise (/space/workspace/MyGovBC-MSP/node_modules/selenium-webdriver/lib/promise.js:1077:7)
    at ControlFlow.promise (/space/workspace/MyGovBC-MSP/node_modules/selenium-webdriver/lib/promise.js:2505:12)
    at schedulerExecute (/space/workspace/MyGovBC-MSP/node_modules/jasminewd2/index.js:95:18)
    at TaskQueue.execute_ (/space/workspace/MyGovBC-MSP/node_modules/selenium-webdriver/lib/promise.js:3084:14)
    at TaskQueue.executeNext_ (/space/workspace/MyGovBC-MSP/node_modules/selenium-webdriver/lib/promise.js:3067:27)
    at asyncRun (/space/workspace/MyGovBC-MSP/node_modules/selenium-webdriver/lib/promise.js:2974:25)
    at /space/workspace/MyGovBC-MSP/node_modules/selenium-webdriver/lib/promise.js:668:7]]>
   </failure>
  </testcase>
  <testcase classname="chrome.MSP Retro PA - Review Page" name="01. should let the user to edit information" time="0">
   <skipped message="Temporarily disabled with xit" />
  </testcase>
 </testsuite>
 <testsuite name="chrome.MSP Retro PA - Spouse Info Page" timestamp="2019-07-05T18:11:19" hostname="localhost" time="121.569" errors="0" tests="6" skipped="0" disabled="0" failures="4">
  <testcase classname="chrome.MSP Retro PA - Spouse Info Page" name="GENERIC TEST 01. should load the page without issue" time="11.31" />
  <testcase classname="chrome.MSP Retro PA - Spouse Info Page" name="GENERIC TEST 02. should let user to go back to the previous page by clicking the stepper" time="11.863" />
  <testcase classname="chrome.MSP Retro PA - Spouse Info Page" name="GENERIC TEST 03. should NOT let user continue by clicking the stepper" time="12.467">
   <failure type="toContain" message="Expected &apos;http://localhost:4300/msp/assistance/contact&apos; to contain &apos;msp/assistance/spouse&apos;, &apos;should still be on the same page&apos;."><![CDATA[Error: Failed expectation
    at UserContext.<anonymous> (/space/workspace/MyGovBC-MSP/e2e/msp-generic-tests.ts:28:41)
    at /space/workspace/MyGovBC-MSP/node_modules/jasminewd2/index.js:112:25
    at new ManagedPromise (/space/workspace/MyGovBC-MSP/node_modules/selenium-webdriver/lib/promise.js:1077:7)
    at ControlFlow.promise (/space/workspace/MyGovBC-MSP/node_modules/selenium-webdriver/lib/promise.js:2505:12)
    at schedulerExecute (/space/workspace/MyGovBC-MSP/node_modules/jasminewd2/index.js:95:18)
    at TaskQueue.execute_ (/space/workspace/MyGovBC-MSP/node_modules/selenium-webdriver/lib/promise.js:3084:14)
    at TaskQueue.executeNext_ (/space/workspace/MyGovBC-MSP/node_modules/selenium-webdriver/lib/promise.js:3067:27)
    at asyncRun (/space/workspace/MyGovBC-MSP/node_modules/selenium-webdriver/lib/promise.js:2974:25)
    at /space/workspace/MyGovBC-MSP/node_modules/selenium-webdriver/lib/promise.js:668:7]]>
   </failure>
  </testcase>
  <testcase classname="chrome.MSP Retro PA - Spouse Info Page" name="GENERIC TEST 04. should NOT let user to continue if they did not filled out required fields" time="13.307" />
  <testcase classname="chrome.MSP Retro PA - Spouse Info Page" name="01. should be able to add spouse, fill out the page and continue" time="46.093">
   <failure type="exception" message="Error: Timeout - Async callback was not invoked within timeout specified by jasmine.DEFAULT_TIMEOUT_INTERVAL."><![CDATA[Error: Timeout - Async callback was not invoked within timeout specified by jasmine.DEFAULT_TIMEOUT_INTERVAL.
    at Timeout._onTimeout (/space/workspace/MyGovBC-MSP/node_modules/jasmine/node_modules/jasmine-core/lib/jasmine-core/jasmine.js:4281:23)
    at ontimeout (timers.js:475:11)
    at tryOnTimeout (timers.js:310:5)
    at Timer.listOnTimeout (timers.js:270:5)]]>
   </failure>
   <failure type="exception" message="Failed: No element found using locator: by.cssContainingText(&quot;button[class*=&quot;btn&quot;]&quot;, &quot;Add Spouse&quot;)"><![CDATA[NoSuchElementError: No element found using locator: by.cssContainingText("button[class*="btn"]", "Add Spouse")
    at elementArrayFinder.getWebElements.then (/space/workspace/MyGovBC-MSP/node_modules/protractor/built/element.js:814:27)
    at ManagedPromise.invokeCallback_ (/space/workspace/MyGovBC-MSP/node_modules/selenium-webdriver/lib/promise.js:1376:14)
    at TaskQueue.execute_ (/space/workspace/MyGovBC-MSP/node_modules/selenium-webdriver/lib/promise.js:3084:14)
    at TaskQueue.executeNext_ (/space/workspace/MyGovBC-MSP/node_modules/selenium-webdriver/lib/promise.js:3067:27)
    at asyncRun (/space/workspace/MyGovBC-MSP/node_modules/selenium-webdriver/lib/promise.js:2927:27)
    at /space/workspace/MyGovBC-MSP/node_modules/selenium-webdriver/lib/promise.js:668:7
    at <anonymous>
    at process._tickCallback (internal/process/next_tick.js:188:7)Error
    at ElementArrayFinder.applyAction_ (/space/workspace/MyGovBC-MSP/node_modules/protractor/built/element.js:459:27)
    at ElementArrayFinder.(anonymous function).args [as click] (/space/workspace/MyGovBC-MSP/node_modules/protractor/built/element.js:91:29)
    at ElementFinder.(anonymous function).args [as click] (/space/workspace/MyGovBC-MSP/node_modules/protractor/built/element.js:831:22)
    at SpouseInfoPage.AbstractTestPage.clickButton (/space/workspace/MyGovBC-MSP/node_modules/moh-common-lib/bundles/ng:/moh-common-lib/e2e/abstract-test-page.ts:123:73)
    at UserContext.<anonymous> (/space/workspace/MyGovBC-MSP/e2e/retro-pa/src/mspretro-spouse.e2e-spec.ts:35:24)
    at /space/workspace/MyGovBC-MSP/node_modules/jasminewd2/index.js:112:25
    at new ManagedPromise (/space/workspace/MyGovBC-MSP/node_modules/selenium-webdriver/lib/promise.js:1077:7)
    at ControlFlow.promise (/space/workspace/MyGovBC-MSP/node_modules/selenium-webdriver/lib/promise.js:2505:12)
    at schedulerExecute (/space/workspace/MyGovBC-MSP/node_modules/jasminewd2/index.js:95:18)
    at TaskQueue.execute_ (/space/workspace/MyGovBC-MSP/node_modules/selenium-webdriver/lib/promise.js:3084:14)
From: Task: Run it("01. should be able to add spouse, fill out the page and continue") in control flow
    at UserContext.<anonymous> (/space/workspace/MyGovBC-MSP/node_modules/jasminewd2/index.js:94:19)
    at attempt (/space/workspace/MyGovBC-MSP/node_modules/jasmine/node_modules/jasmine-core/lib/jasmine-core/jasmine.js:4297:26)
    at QueueRunner.run (/space/workspace/MyGovBC-MSP/node_modules/jasmine/node_modules/jasmine-core/lib/jasmine-core/jasmine.js:4217:20)
    at runNext (/space/workspace/MyGovBC-MSP/node_modules/jasmine/node_modules/jasmine-core/lib/jasmine-core/jasmine.js:4257:20)
    at /space/workspace/MyGovBC-MSP/node_modules/jasmine/node_modules/jasmine-core/lib/jasmine-core/jasmine.js:4264:13
    at /space/workspace/MyGovBC-MSP/node_modules/jasmine/node_modules/jasmine-core/lib/jasmine-core/jasmine.js:4172:9
    at /space/workspace/MyGovBC-MSP/node_modules/jasminewd2/index.js:64:48
    at ControlFlow.emit (/space/workspace/MyGovBC-MSP/node_modules/selenium-webdriver/lib/events.js:62:21)
    at ControlFlow.shutdown_ (/space/workspace/MyGovBC-MSP/node_modules/selenium-webdriver/lib/promise.js:2674:10)
    at shutdownTask_.MicroTask (/space/workspace/MyGovBC-MSP/node_modules/selenium-webdriver/lib/promise.js:2599:53)
From asynchronous test: 
Error
    at Suite.<anonymous> (/space/workspace/MyGovBC-MSP/e2e/retro-pa/src/mspretro-spouse.e2e-spec.ts:32:5)
    at addSpecsToSuite (/space/workspace/MyGovBC-MSP/node_modules/jasmine/node_modules/jasmine-core/lib/jasmine-core/jasmine.js:1107:25)
    at Env.describe (/space/workspace/MyGovBC-MSP/node_modules/jasmine/node_modules/jasmine-core/lib/jasmine-core/jasmine.js:1074:7)
    at describe (/space/workspace/MyGovBC-MSP/node_modules/jasmine/node_modules/jasmine-core/lib/jasmine-core/jasmine.js:4399:18)
    at Object.<anonymous> (/space/workspace/MyGovBC-MSP/e2e/retro-pa/src/mspretro-spouse.e2e-spec.ts:6:1)
    at Module._compile (module.js:643:30)
    at Module.m._compile (/space/workspace/MyGovBC-MSP/node_modules/ts-node/src/index.ts:439:23)
    at Module._extensions..js (module.js:654:10)
    at Object.require.extensions.(anonymous function) [as .ts] (/space/workspace/MyGovBC-MSP/node_modules/ts-node/src/index.ts:442:12)]]>
   </failure>
  </testcase>
  <testcase classname="chrome.MSP Retro PA - Spouse Info Page" name="02. should NOT let user to continue if there is at least one incomplete field" time="26.524">
   <failure type="exception" message="Failed: No element found using locator: by.cssContainingText(&quot;button[class*=&quot;btn&quot;]&quot;, &quot;Add Spouse&quot;)"><![CDATA[NoSuchElementError: No element found using locator: by.cssContainingText("button[class*="btn"]", "Add Spouse")
    at elementArrayFinder.getWebElements.then (/space/workspace/MyGovBC-MSP/node_modules/protractor/built/element.js:814:27)
    at ManagedPromise.invokeCallback_ (/space/workspace/MyGovBC-MSP/node_modules/selenium-webdriver/lib/promise.js:1376:14)
    at TaskQueue.execute_ (/space/workspace/MyGovBC-MSP/node_modules/selenium-webdriver/lib/promise.js:3084:14)
    at TaskQueue.executeNext_ (/space/workspace/MyGovBC-MSP/node_modules/selenium-webdriver/lib/promise.js:3067:27)
    at asyncRun (/space/workspace/MyGovBC-MSP/node_modules/selenium-webdriver/lib/promise.js:2927:27)
    at /space/workspace/MyGovBC-MSP/node_modules/selenium-webdriver/lib/promise.js:668:7
    at <anonymous>
    at process._tickCallback (internal/process/next_tick.js:188:7)Error
    at ElementArrayFinder.applyAction_ (/space/workspace/MyGovBC-MSP/node_modules/protractor/built/element.js:459:27)
    at ElementArrayFinder.(anonymous function).args [as click] (/space/workspace/MyGovBC-MSP/node_modules/protractor/built/element.js:91:29)
    at ElementFinder.(anonymous function).args [as click] (/space/workspace/MyGovBC-MSP/node_modules/protractor/built/element.js:831:22)
    at SpouseInfoPage.AbstractTestPage.clickButton (/space/workspace/MyGovBC-MSP/node_modules/moh-common-lib/bundles/ng:/moh-common-lib/e2e/abstract-test-page.ts:123:73)
    at UserContext.<anonymous> (/space/workspace/MyGovBC-MSP/e2e/retro-pa/src/mspretro-spouse.e2e-spec.ts:43:24)
    at /space/workspace/MyGovBC-MSP/node_modules/jasminewd2/index.js:112:25
    at new ManagedPromise (/space/workspace/MyGovBC-MSP/node_modules/selenium-webdriver/lib/promise.js:1077:7)
    at ControlFlow.promise (/space/workspace/MyGovBC-MSP/node_modules/selenium-webdriver/lib/promise.js:2505:12)
    at schedulerExecute (/space/workspace/MyGovBC-MSP/node_modules/jasminewd2/index.js:95:18)
    at TaskQueue.execute_ (/space/workspace/MyGovBC-MSP/node_modules/selenium-webdriver/lib/promise.js:3084:14)
From: Task: Run it("02. should NOT let user to continue if there is at least one incomplete field") in control flow
    at UserContext.<anonymous> (/space/workspace/MyGovBC-MSP/node_modules/jasminewd2/index.js:94:19)
    at attempt (/space/workspace/MyGovBC-MSP/node_modules/jasmine/node_modules/jasmine-core/lib/jasmine-core/jasmine.js:4297:26)
    at QueueRunner.run (/space/workspace/MyGovBC-MSP/node_modules/jasmine/node_modules/jasmine-core/lib/jasmine-core/jasmine.js:4217:20)
    at runNext (/space/workspace/MyGovBC-MSP/node_modules/jasmine/node_modules/jasmine-core/lib/jasmine-core/jasmine.js:4257:20)
    at /space/workspace/MyGovBC-MSP/node_modules/jasmine/node_modules/jasmine-core/lib/jasmine-core/jasmine.js:4264:13
    at /space/workspace/MyGovBC-MSP/node_modules/jasmine/node_modules/jasmine-core/lib/jasmine-core/jasmine.js:4172:9
    at /space/workspace/MyGovBC-MSP/node_modules/jasminewd2/index.js:64:48
    at ControlFlow.emit (/space/workspace/MyGovBC-MSP/node_modules/selenium-webdriver/lib/events.js:62:21)
    at ControlFlow.shutdown_ (/space/workspace/MyGovBC-MSP/node_modules/selenium-webdriver/lib/promise.js:2674:10)
    at shutdownTask_.MicroTask (/space/workspace/MyGovBC-MSP/node_modules/selenium-webdriver/lib/promise.js:2599:53)
From asynchronous test: 
Error
    at Suite.<anonymous> (/space/workspace/MyGovBC-MSP/e2e/retro-pa/src/mspretro-spouse.e2e-spec.ts:41:5)
    at addSpecsToSuite (/space/workspace/MyGovBC-MSP/node_modules/jasmine/node_modules/jasmine-core/lib/jasmine-core/jasmine.js:1107:25)
    at Env.describe (/space/workspace/MyGovBC-MSP/node_modules/jasmine/node_modules/jasmine-core/lib/jasmine-core/jasmine.js:1074:7)
    at describe (/space/workspace/MyGovBC-MSP/node_modules/jasmine/node_modules/jasmine-core/lib/jasmine-core/jasmine.js:4399:18)
    at Object.<anonymous> (/space/workspace/MyGovBC-MSP/e2e/retro-pa/src/mspretro-spouse.e2e-spec.ts:6:1)
    at Module._compile (module.js:643:30)
    at Module.m._compile (/space/workspace/MyGovBC-MSP/node_modules/ts-node/src/index.ts:439:23)
    at Module._extensions..js (module.js:654:10)
    at Object.require.extensions.(anonymous function) [as .ts] (/space/workspace/MyGovBC-MSP/node_modules/ts-node/src/index.ts:442:12)]]>
   </failure>
  </testcase>
 </testsuite>
</testsuites>