<?xml version="1.0" encoding="UTF-8" ?>
<testsuites disabled="0" errors="0" failures="3" tests="3" time="41.36">
 <testsuite name="firefox.MSP Enrolment - Authorize" timestamp="2019-06-07T13:49:43" hostname="localhost" time="41.36" errors="0" tests="3" skipped="0" disabled="0" failures="3">
  <testcase classname="firefox.MSP Enrolment - Authorize" name="01. should load the page without issue" time="14.459">
   <failure type="exception" message="Failed: Error while running testForAngular: Timed out"><![CDATA[Error: Error while running testForAngular: Timed out
    at executeAsyncScript_.then (/space/workspace/MyGovBC-MSP/node_modules/protractor/built/browser.js:727:23)
    at ManagedPromise.invokeCallback_ (/space/workspace/MyGovBC-MSP/node_modules/selenium-webdriver/lib/promise.js:1376:14)
    at TaskQueue.execute_ (/space/workspace/MyGovBC-MSP/node_modules/selenium-webdriver/lib/promise.js:3084:14)
    at TaskQueue.executeNext_ (/space/workspace/MyGovBC-MSP/node_modules/selenium-webdriver/lib/promise.js:3067:27)
    at asyncRun (/space/workspace/MyGovBC-MSP/node_modules/selenium-webdriver/lib/promise.js:2927:27)
    at /space/workspace/MyGovBC-MSP/node_modules/selenium-webdriver/lib/promise.js:668:7
    at <anonymous>
    at process._tickCallback (internal/process/next_tick.js:188:7)
From: Task: Run it("01. should load the page without issue") in control flow
    at UserContext.<anonymous> (/space/workspace/MyGovBC-MSP/node_modules/jasminewd2/index.js:94:19)
    at attempt (/space/workspace/MyGovBC-MSP/node_modules/jasmine/node_modules/jasmine-core/lib/jasmine-core/jasmine.js:4297:26)
    at QueueRunner.run (/space/workspace/MyGovBC-MSP/node_modules/jasmine/node_modules/jasmine-core/lib/jasmine-core/jasmine.js:4217:20)
    at runNext (/space/workspace/MyGovBC-MSP/node_modules/jasmine/node_modules/jasmine-core/lib/jasmine-core/jasmine.js:4257:20)
    at /space/workspace/MyGovBC-MSP/node_modules/jasmine/node_modules/jasmine-core/lib/jasmine-core/jasmine.js:4264:13
    at /space/workspace/MyGovBC-MSP/node_modules/jasmine/node_modules/jasmine-core/lib/jasmine-core/jasmine.js:4172:9
    at /space/workspace/MyGovBC-MSP/node_modules/jasminewd2/index.js:64:48
    at ControlFlow.emit (/space/workspace/MyGovBC-MSP/node_modules/selenium-webdriver/lib/events.js:62:21)
    at ControlFlow.shutdown_ (/space/workspace/MyGovBC-MSP/node_modules/selenium-webdriver/lib/promise.js:2674:10)
    at shutdownTask_.MicroTask (/space/workspace/MyGovBC-MSP/node_modules/selenium-webdriver/lib/promise.js:2599:53)
From asynchronous test: 
Error
    at Suite.<anonymous> (/space/workspace/MyGovBC-MSP/e2e/enrolment/src/mspe-eligibility.e2e-spec.ts:21:5)
    at addSpecsToSuite (/space/workspace/MyGovBC-MSP/node_modules/jasmine/node_modules/jasmine-core/lib/jasmine-core/jasmine.js:1107:25)
    at Env.describe (/space/workspace/MyGovBC-MSP/node_modules/jasmine/node_modules/jasmine-core/lib/jasmine-core/jasmine.js:1074:7)
    at describe (/space/workspace/MyGovBC-MSP/node_modules/jasmine/node_modules/jasmine-core/lib/jasmine-core/jasmine.js:4399:18)
    at Object.<anonymous> (/space/workspace/MyGovBC-MSP/e2e/enrolment/src/mspe-eligibility.e2e-spec.ts:5:1)
    at Module._compile (module.js:643:30)
    at Module.m._compile (/space/workspace/MyGovBC-MSP/node_modules/ts-node/src/index.ts:439:23)
    at Module._extensions..js (module.js:654:10)
    at Object.require.extensions.(anonymous function) [as .ts] (/space/workspace/MyGovBC-MSP/node_modules/ts-node/src/index.ts:442:12)]]>
   </failure>
  </testcase>
  <testcase classname="firefox.MSP Enrolment - Authorize" name="02. should NOT let the user to proceed if the user has not agreeed to the info collection notice" time="14.103">
   <failure type="exception" message="Failed: Error while running testForAngular: Timed out"><![CDATA[Error: Error while running testForAngular: Timed out
    at executeAsyncScript_.then (/space/workspace/MyGovBC-MSP/node_modules/protractor/built/browser.js:727:23)
    at ManagedPromise.invokeCallback_ (/space/workspace/MyGovBC-MSP/node_modules/selenium-webdriver/lib/promise.js:1376:14)
    at TaskQueue.execute_ (/space/workspace/MyGovBC-MSP/node_modules/selenium-webdriver/lib/promise.js:3084:14)
    at TaskQueue.executeNext_ (/space/workspace/MyGovBC-MSP/node_modules/selenium-webdriver/lib/promise.js:3067:27)
    at asyncRun (/space/workspace/MyGovBC-MSP/node_modules/selenium-webdriver/lib/promise.js:2927:27)
    at /space/workspace/MyGovBC-MSP/node_modules/selenium-webdriver/lib/promise.js:668:7
    at <anonymous>
    at process._tickCallback (internal/process/next_tick.js:188:7)
From: Task: Run it("02. should NOT let the user to proceed if the user has not agreeed to the info collection notice") in control flow
    at UserContext.<anonymous> (/space/workspace/MyGovBC-MSP/node_modules/jasminewd2/index.js:94:19)
    at attempt (/space/workspace/MyGovBC-MSP/node_modules/jasmine/node_modules/jasmine-core/lib/jasmine-core/jasmine.js:4297:26)
    at QueueRunner.run (/space/workspace/MyGovBC-MSP/node_modules/jasmine/node_modules/jasmine-core/lib/jasmine-core/jasmine.js:4217:20)
    at runNext (/space/workspace/MyGovBC-MSP/node_modules/jasmine/node_modules/jasmine-core/lib/jasmine-core/jasmine.js:4257:20)
    at /space/workspace/MyGovBC-MSP/node_modules/jasmine/node_modules/jasmine-core/lib/jasmine-core/jasmine.js:4264:13
    at /space/workspace/MyGovBC-MSP/node_modules/jasmine/node_modules/jasmine-core/lib/jasmine-core/jasmine.js:4172:9
    at /space/workspace/MyGovBC-MSP/node_modules/jasminewd2/index.js:64:48
    at ControlFlow.emit (/space/workspace/MyGovBC-MSP/node_modules/selenium-webdriver/lib/events.js:62:21)
    at ControlFlow.shutdown_ (/space/workspace/MyGovBC-MSP/node_modules/selenium-webdriver/lib/promise.js:2674:10)
    at shutdownTask_.MicroTask (/space/workspace/MyGovBC-MSP/node_modules/selenium-webdriver/lib/promise.js:2599:53)
From asynchronous test: 
Error
    at Suite.<anonymous> (/space/workspace/MyGovBC-MSP/e2e/enrolment/src/mspe-eligibility.e2e-spec.ts:26:5)
    at addSpecsToSuite (/space/workspace/MyGovBC-MSP/node_modules/jasmine/node_modules/jasmine-core/lib/jasmine-core/jasmine.js:1107:25)
    at Env.describe (/space/workspace/MyGovBC-MSP/node_modules/jasmine/node_modules/jasmine-core/lib/jasmine-core/jasmine.js:1074:7)
    at describe (/space/workspace/MyGovBC-MSP/node_modules/jasmine/node_modules/jasmine-core/lib/jasmine-core/jasmine.js:4399:18)
    at Object.<anonymous> (/space/workspace/MyGovBC-MSP/e2e/enrolment/src/mspe-eligibility.e2e-spec.ts:5:1)
    at Module._compile (module.js:643:30)
    at Module.m._compile (/space/workspace/MyGovBC-MSP/node_modules/ts-node/src/index.ts:439:23)
    at Module._extensions..js (module.js:654:10)
    at Object.require.extensions.(anonymous function) [as .ts] (/space/workspace/MyGovBC-MSP/node_modules/ts-node/src/index.ts:442:12)]]>
   </failure>
  </testcase>
  <testcase classname="firefox.MSP Enrolment - Authorize" name="03. should let the user to proceed if the user has agreeed to the info collection notice" time="12.795">
   <failure type="exception" message="Failed: Error while running testForAngular: Timed out"><![CDATA[Error: Error while running testForAngular: Timed out
    at executeAsyncScript_.then (/space/workspace/MyGovBC-MSP/node_modules/protractor/built/browser.js:727:23)
    at ManagedPromise.invokeCallback_ (/space/workspace/MyGovBC-MSP/node_modules/selenium-webdriver/lib/promise.js:1376:14)
    at TaskQueue.execute_ (/space/workspace/MyGovBC-MSP/node_modules/selenium-webdriver/lib/promise.js:3084:14)
    at TaskQueue.executeNext_ (/space/workspace/MyGovBC-MSP/node_modules/selenium-webdriver/lib/promise.js:3067:27)
    at asyncRun (/space/workspace/MyGovBC-MSP/node_modules/selenium-webdriver/lib/promise.js:2927:27)
    at /space/workspace/MyGovBC-MSP/node_modules/selenium-webdriver/lib/promise.js:668:7
    at <anonymous>
    at process._tickCallback (internal/process/next_tick.js:188:7)
From: Task: Run it("03. should let the user to proceed if the user has agreeed to the info collection notice") in control flow
    at UserContext.<anonymous> (/space/workspace/MyGovBC-MSP/node_modules/jasminewd2/index.js:94:19)
    at attempt (/space/workspace/MyGovBC-MSP/node_modules/jasmine/node_modules/jasmine-core/lib/jasmine-core/jasmine.js:4297:26)
    at QueueRunner.run (/space/workspace/MyGovBC-MSP/node_modules/jasmine/node_modules/jasmine-core/lib/jasmine-core/jasmine.js:4217:20)
    at runNext (/space/workspace/MyGovBC-MSP/node_modules/jasmine/node_modules/jasmine-core/lib/jasmine-core/jasmine.js:4257:20)
    at /space/workspace/MyGovBC-MSP/node_modules/jasmine/node_modules/jasmine-core/lib/jasmine-core/jasmine.js:4264:13
    at /space/workspace/MyGovBC-MSP/node_modules/jasmine/node_modules/jasmine-core/lib/jasmine-core/jasmine.js:4172:9
    at /space/workspace/MyGovBC-MSP/node_modules/jasminewd2/index.js:64:48
    at ControlFlow.emit (/space/workspace/MyGovBC-MSP/node_modules/selenium-webdriver/lib/events.js:62:21)
    at ControlFlow.shutdown_ (/space/workspace/MyGovBC-MSP/node_modules/selenium-webdriver/lib/promise.js:2674:10)
    at shutdownTask_.MicroTask (/space/workspace/MyGovBC-MSP/node_modules/selenium-webdriver/lib/promise.js:2599:53)
From asynchronous test: 
Error
    at Suite.<anonymous> (/space/workspace/MyGovBC-MSP/e2e/enrolment/src/mspe-eligibility.e2e-spec.ts:34:5)
    at addSpecsToSuite (/space/workspace/MyGovBC-MSP/node_modules/jasmine/node_modules/jasmine-core/lib/jasmine-core/jasmine.js:1107:25)
    at Env.describe (/space/workspace/MyGovBC-MSP/node_modules/jasmine/node_modules/jasmine-core/lib/jasmine-core/jasmine.js:1074:7)
    at describe (/space/workspace/MyGovBC-MSP/node_modules/jasmine/node_modules/jasmine-core/lib/jasmine-core/jasmine.js:4399:18)
    at Object.<anonymous> (/space/workspace/MyGovBC-MSP/e2e/enrolment/src/mspe-eligibility.e2e-spec.ts:5:1)
    at Module._compile (module.js:643:30)
    at Module.m._compile (/space/workspace/MyGovBC-MSP/node_modules/ts-node/src/index.ts:439:23)
    at Module._extensions..js (module.js:654:10)
    at Object.require.extensions.(anonymous function) [as .ts] (/space/workspace/MyGovBC-MSP/node_modules/ts-node/src/index.ts:442:12)]]>
   </failure>
  </testcase>
 </testsuite>
</testsuites>